Now:Sat May 13 2017 10:30:38 GMT+0800 (CST)
[ 2017-05-13T02:30:38.702Z,
  2017-05-13T03:00:00.000Z,
  2017-05-13T04:00:00.000Z,
  2017-05-13T05:00:00.000Z,
  2017-05-13T06:00:00.000Z,
  2017-05-13T07:00:00.000Z,
  2017-05-13T08:00:00.000Z,
  2017-05-13T09:00:00.000Z,
  2017-05-13T10:00:00.000Z,
  2017-05-13T11:00:00.000Z ]
2017-05-13T02:30:38.709Z
Sat, 13 May 2017 02:30:38 GMT body-parser deprecated undefined extended: provide extended option at db.js:32:20
app is running at port 3000
[ RowDataPacket { Gender: 'F' } ]
F
string
biBAR5uMPbZCExXQ8HrC-UHfI6uomw7KffFAczSBsxBnE7mB1XxvHaffA19d_ND0
biBAR5uMPbZCExXQ8HrC-UHfI6uomw7KffFAczSBsxBnE7mB1XxvHaffA19d_ND0
biBAR5uMPbZCExXQ8HrC-UHfI6uomw7KffFAczSBsxBnE7mB1XxvHaffA19d_ND0
Now:Sat May 13 2017 10:37:23 GMT+0800 (CST)
[ 2017-05-13T02:37:23.758Z,
  2017-05-13T03:00:00.000Z,
  2017-05-13T04:00:00.000Z,
  2017-05-13T05:00:00.000Z,
  2017-05-13T06:00:00.000Z,
  2017-05-13T07:00:00.000Z,
  2017-05-13T08:00:00.000Z,
  2017-05-13T09:00:00.000Z,
  2017-05-13T10:00:00.000Z,
  2017-05-13T11:00:00.000Z ]
2017-05-13T02:37:23.767Z
Sat, 13 May 2017 02:37:23 GMT body-parser deprecated undefined extended: provide extended option at db.js:32:20
app is running at port 3000
[ RowDataPacket { Gender: 'F' } ]
F
string
biBAR5uMPbZCExXQ8HrC-UHfI6uomw7KffFAczSBsxBnE7mB1XxvHaffA19d_ND0
biBAR5uMPbZCExXQ8HrC-UHfI6uomw7KffFAczSBsxBnE7mB1XxvHaffA19d_ND0
biBAR5uMPbZCExXQ8HrC-UHfI6uomw7KffFAczSBsxBnE7mB1XxvHaffA19d_ND0
2017-05-13T03:00:00.077Z
biBAR5uMPbZCExXQ8HrC-UHfI6uomw7KffFAczSBsxBnE7mB1XxvHaffA19d_ND0
2017-05-13T04:00:00.092Z
biBAR5uMPbZCExXQ8HrC-UHfI6uomw7KffFAczSBsxBnE7mB1XxvHaffA19d_ND0
Now:Sat May 13 2017 14:19:05 GMT+0800 (CST)
[ 2017-05-13T06:19:05.479Z,
  2017-05-13T07:00:00.000Z,
  2017-05-13T08:00:00.000Z,
  2017-05-13T09:00:00.000Z,
  2017-05-13T10:00:00.000Z,
  2017-05-13T11:00:00.000Z,
  2017-05-13T12:00:00.000Z,
  2017-05-13T13:00:00.000Z,
  2017-05-13T14:00:00.000Z,
  2017-05-13T15:00:00.000Z ]
2017-05-13T06:19:05.486Z
Sat, 13 May 2017 06:19:05 GMT body-parser deprecated undefined extended: provide extended option at db.js:32:20
app is running at port 3000
[ RowDataPacket { Gender: 'F' } ]
F
string
H-3jUp0SmhtyMvmA6qCdOcNOaZaPUPhUsYNNDj-HSQwIluUehbA9Y1z9Zs3rBk2I
H-3jUp0SmhtyMvmA6qCdOcNOaZaPUPhUsYNNDj-HSQwIluUehbA9Y1z9Zs3rBk2I
H-3jUp0SmhtyMvmA6qCdOcNOaZaPUPhUsYNNDj-HSQwIluUehbA9Y1z9Zs3rBk2I
2017-05-13T07:00:00.101Z
H-3jUp0SmhtyMvmA6qCdOcNOaZaPUPhUsYNNDj-HSQwIluUehbA9Y1z9Zs3rBk2I
2017-05-13T08:00:00.069Z
H-3jUp0SmhtyMvmA6qCdOcNOaZaPUPhUsYNNDj-HSQwIluUehbA9Y1z9Zs3rBk2I
2017-05-13T09:00:00.072Z
rqU_V46aIfskoLKBdSFR-CYVBbnLqLvafMT1iys6Kek_nZXJgpSPEHyEnl8Ol6vY
2017-05-13T10:00:00.067Z
rqU_V46aIfskoLKBdSFR-CYVBbnLqLvafMT1iys6Kek_nZXJgpSPEHyEnl8Ol6vY
2017-05-13T11:00:00.074Z
HlRQqKNab60Fu5yK5YooXAb6Wg4bk1RIV2tyludjmQr2rs0-1-MG3jyCeY5PT_xr
2017-05-13T12:00:00.093Z
HlRQqKNab60Fu5yK5YooXAb6Wg4bk1RIV2tyludjmQr2rs0-1-MG3jyCeY5PT_xr
2017-05-13T13:00:00.088Z
2mZ5ly5lzw5WNHqDQqZfmDxtwZyDk3gKE0IcL2GN5VgV7Nv-bMA4AXZGEAMJ4peZ
